<?xml version="1.0" encoding="UTF-8"?>
<!-- Generated by org.testng.reporters.JUnitReportReporter -->
<testsuite hostname="upendra" failures="0" tests="11" name="openmrs.CaptureVitals" time="56.490" errors="0" timestamp="2024-02-27T12:19:38 IST" skipped="0">
  <testcase classname="openmrs.CaptureVitals" name="loginTest" time="0.011"/>
  <system-out/>
  <testcase classname="openmrs.CaptureVitals" name="loginTest" time="0.001"/>
  <system-out/>
  <testcase classname="openmrs.CaptureVitals" name="loginTest" time="0.001"/>
  <system-out/>
  <testcase classname="openmrs.CaptureVitals" name="loginTest" time="0.001"/>
  <system-out/>
  <testcase classname="openmrs.CaptureVitals" name="loginTest" time="0.001"/>
  <system-out/>
  <testcase classname="openmrs.CaptureVitals" name="i_want_to_open_the_browser" time="1.380"/>
  <system-out/>
  <testcase classname="openmrs.CaptureVitals" name="i_want_to_open_the_openmrs_page" time="4.656"/>
  <system-out/>
  <testcase classname="openmrs.CaptureVitals" name="i_give_login_credentials" time="3.128"/>
  <system-out/>
  <testcase classname="openmrs.CaptureVitals" name="i_click_on_inpatient_ward_to_access_the_location" time="0.056"/>
  <system-out/>
  <testcase classname="openmrs.CaptureVitals" name="i_click_on_login" time="2.021"/>
  <system-out/>
  <testcase classname="openmrs.CaptureVitals" name="it_displays_the_home_page_and_access_capture_vitals" time="45.234"/>
  <system-out/>
</testsuite> <!-- openmrs.CaptureVitals -->
